c:\users\leibniz\desktop\documents\allc++\ev\x64\debug\vc143.pdb
c:\users\leibniz\desktop\documents\allc++\ev\x64\debug\vc143.idb
c:\users\leibniz\desktop\documents\allc++\ev\x64\debug\redstone.obj
c:\users\leibniz\desktop\documents\allc++\ev\x64\debug\exam.obj
c:\users\leibniz\desktop\documents\allc++\ev\x64\debug\ev.pdb
c:\users\leibniz\desktop\documents\allc++\ev\x64\debug\ev.tlog\cl.command.1.tlog
c:\users\leibniz\desktop\documents\allc++\ev\x64\debug\ev.tlog\cl.items.tlog
c:\users\leibniz\desktop\documents\allc++\ev\x64\debug\ev.tlog\cl.read.1.tlog
c:\users\leibniz\desktop\documents\allc++\ev\x64\debug\ev.tlog\cl.write.1.tlog
c:\users\leibniz\desktop\documents\allc++\ev\x64\debug\ev.tlog\link.36988-cvtres.read.1.tlog
c:\users\leibniz\desktop\documents\allc++\ev\x64\debug\ev.tlog\link.36988-cvtres.write.1.tlog
c:\users\leibniz\desktop\documents\allc++\ev\x64\debug\ev.tlog\link.36988-rc.read.1.tlog
c:\users\leibniz\desktop\documents\allc++\ev\x64\debug\ev.tlog\link.36988-rc.write.1.tlog
c:\users\leibniz\desktop\documents\allc++\ev\x64\debug\ev.tlog\link.36988.read.1.tlog
c:\users\leibniz\desktop\documents\allc++\ev\x64\debug\ev.tlog\link.36988.read.2.tlog
c:\users\leibniz\desktop\documents\allc++\ev\x64\debug\ev.tlog\link.36988.read.3.tlog
c:\users\leibniz\desktop\documents\allc++\ev\x64\debug\ev.tlog\link.36988.read.4.tlog
c:\users\leibniz\desktop\documents\allc++\ev\x64\debug\ev.tlog\link.36988.write.1.tlog
c:\users\leibniz\desktop\documents\allc++\ev\x64\debug\ev.tlog\link.command.1.tlog
c:\users\leibniz\desktop\documents\allc++\ev\x64\debug\ev.tlog\link.read.1.tlog
c:\users\leibniz\desktop\documents\allc++\ev\x64\debug\ev.tlog\link.write.1.tlog
